[Running 'cargo run']
[H[2J[3J    Finished dev [unoptimized + debuginfo] target(s) in 0.21s
     Running `target/debug/echo360-downloader`
[2024-08-08T17:42:45Z ERROR sctk_adwaita::pointer] Failed to set cursor
[2024-08-08T17:42:45Z ERROR sctk_adwaita::pointer] Failed to set cursor
[2024-08-08T17:42:45Z ERROR sctk_adwaita::pointer] Failed to set cursor
[2024-08-08T17:42:47Z ERROR sctk_adwaita::pointer] Failed to set cursor
[2024-08-08T17:42:47Z ERROR sctk_adwaita::pointer] Failed to set cursor
[Running 'cargo run']
[H[2J[3J    Blocking waiting for file lock on build directory
   Compiling echo360-downloader v0.1.0 (/home/taherm/projects/echo360-downloader)
warning: function `login` is never used
  --> src/main.rs:83:10
   |
83 | async fn login() -> Result<Cookie, Error> {
   |          ^^^^^
   |
   = note: `#[warn(dead_code)]` on by default

[Running 'cargo run']
[H[2J[3J   Compiling echo360-downloader v0.1.0 (/home/taherm/projects/echo360-downloader)
error: expected identifier, found keyword `if`
  --> src/main.rs:70:25
   |
70 |                         if ui.button("Log In").clicked() {
   |                         ^^ expected identifier, found keyword

error: could not compile `echo360-downloader` (bin "echo360-downloader") due to 1 previous error
[Finished running. Exit status: 101]
[Running 'cargo run']
[H[2J[3J   Compiling echo360-downloader v0.1.0 (/home/taherm/projects/echo360-downloader)
error[E0308]: `match` arms have incompatible types
  --> src/main.rs:73:54
   |
68 |                           match self.cookie.state() {
   |                           ------------------------- `match` arms have incompatible types
69 |                               TaskState::NotFired => 
70 | /                         if ui.button("Log In").clicked() {
71 | |                             self.cookie.fire_async(async move { login().await })
72 | |                         }
   | |_________________________- this is found to be of type `()`
73 |                               TaskState::Loading(_) => ui.spinner(),
   |                                                        ^^^^^^^^^^^^ expected `()`, found `Response`

For more information about this error, try `rustc --explain E0308`.
error: could not compile `echo360-downloader` (bin "echo360-downloader") due to 1 previous error
[Finished running. Exit status: 101]
[Running 'cargo run']
[H[2J[3J   Compiling echo360-downloader v0.1.0 (/home/taherm/projects/echo360-downloader)
error: expected identifier, found keyword `if`
  --> src/main.rs:70:25
   |
70 |                         if ui.button("Log In").clicked() {
   |                         ^^ expected identifier, found keyword

error: could not compile `echo360-downloader` (bin "echo360-downloader") due to 1 previous error
[Finished running. Exit status: 101]
[Running 'cargo run']
[H[2J[3J   Compiling echo360-downloader v0.1.0 (/home/taherm/projects/echo360-downloader)
error: expected identifier, found keyword `if`
  --> src/main.rs:71:25
   |
71 |                         if ui.button("Log In").clicked() {
   |                         ^^ expected identifier, found keyword

error: could not compile `echo360-downloader` (bin "echo360-downloader") due to 1 previous error
[Finished running. Exit status: 101]
[Running 'cargo run']
[H[2J[3J   Compiling echo360-downloader v0.1.0 (/home/taherm/projects/echo360-downloader)
error[E0308]: `match` arms have incompatible types
  --> src/main.rs:74:54
   |
68 |                           match self.cookie.state() {
   |                           ------------------------- `match` arms have incompatible types
69 |                               TaskState::NotFired => {
70 | /                                 if ui.button("Log In").clicked() {
71 | |                                     self.cookie.fire_async(async move { login().await })
72 | |                                 }
   | |_________________________________- this is found to be of type `()`
73 |                               }
74 |                               TaskState::Loading(_) => ui.spinner(),
   |                                                        ^^^^^^^^^^^^ expected `()`, found `Response`

For more information about this error, try `rustc --explain E0308`.
error: could not compile `echo360-downloader` (bin "echo360-downloader") due to 1 previous error
[Finished running. Exit status: 101]
[Running 'cargo run']
[H[2J[3J   Compiling echo360-downloader v0.1.0 (/home/taherm/projects/echo360-downloader)
error[E0308]: `match` arms have incompatible types
  --> src/main.rs:72:50
   |
66 |                       ui.vertical_centered(|ui| match self.cookie.state() {
   |                                                 ------------------------- `match` arms have incompatible types
67 |                           TaskState::NotFired => {
68 | /                             if ui.button("Log In").clicked() {
69 | |                                 self.cookie.fire_async(async move { login().await })
70 | |                             }
   | |_____________________________- this is found to be of type `()`
71 |                           }
72 |                           TaskState::Loading(_) => ui.spinner(),
   |                                                    ^^^^^^^^^^^^ expected `()`, found `Response`

For more information about this error, try `rustc --explain E0308`.
error: could not compile `echo360-downloader` (bin "echo360-downloader") due to 1 previous error
[Finished running. Exit status: 101]
[Running 'cargo run']
[H[2J[3J   Compiling echo360-downloader v0.1.0 (/home/taherm/projects/echo360-downloader)
error[E0308]: `match` arms have incompatible types
  --> src/main.rs:72:50
   |
66 |                       ui.vertical_centered(|ui| match self.cookie.state() {
   |                                                 ------------------------- `match` arms have incompatible types
67 |                           TaskState::NotFired => {
68 | /                             if ui.button("Log In").clicked() {
69 | |                                 self.cookie.fire_async(async move { login().await })
70 | |                             }
   | |_____________________________- this is found to be of type `()`
71 |                           },
72 |                           TaskState::Loading(_) => ui.spinner(),
   |                                                    ^^^^^^^^^^^^ expected `()`, found `Response`

For more information about this error, try `rustc --explain E0308`.
error: could not compile `echo360-downloader` (bin "echo360-downloader") due to 1 previous error
[Finished running. Exit status: 101]
[Running 'cargo run']
[H[2J[3J   Compiling echo360-downloader v0.1.0 (/home/taherm/projects/echo360-downloader)
error[E0308]: `match` arms have incompatible types
  --> src/main.rs:72:50
   |
66 |                       ui.vertical_centered(|ui| match self.cookie.state() {
   |                                                 ------------------------- `match` arms have incompatible types
67 |                           TaskState::NotFired => {
68 | /                             if ui.button("Log In").clicked() {
69 | |                                 self.cookie.fire_async(async move { login().await })
70 | |                             }
   | |_____________________________- this is found to be of type `()`
71 |                           }
72 |                           TaskState::Loading(_) => ui.spinner(),
   |                                                    ^^^^^^^^^^^^ expected `()`, found `Response`

For more information about this error, try `rustc --explain E0308`.
error: could not compile `echo360-downloader` (bin "echo360-downloader") due to 1 previous error
[Finished running. Exit status: 101]
[Running 'cargo run']
[H[2J[3J   Compiling echo360-downloader v0.1.0 (/home/taherm/projects/echo360-downloader)
error[E0308]: `match` arms have incompatible types
  --> src/main.rs:72:50
   |
66 |                       ui.vertical_centered(|ui| match self.cookie.state() {
   |                                                 ------------------------- `match` arms have incompatible types
67 |                           TaskState::NotFired => {
68 | /                             if ui.button("Log In").clicked() {
69 | |                                 self.cookie.fire_async(async move { login().await })
70 | |                             };
   | |______________________________- this is found to be of type `()`
71 |                           }
72 |                           TaskState::Loading(_) => ui.spinner(),
   |                                                    ^^^^^^^^^^^^ expected `()`, found `Response`

For more information about this error, try `rustc --explain E0308`.
error: could not compile `echo360-downloader` (bin "echo360-downloader") due to 1 previous error
[Finished running. Exit status: 101]
[Running 'cargo run']
[H[2J[3J   Compiling echo360-downloader v0.1.0 (/home/taherm/projects/echo360-downloader)
error: expected one of `,`, `.`, `?`, `}`, or an operator, found `;`
  --> src/main.rs:72:62
   |
72 |                         TaskState::Loading(_) => ui.spinner();,
   |                                               --             ^ expected one of `,`, `.`, `?`, `}`, or an operator
   |                                               |
   |                                               while parsing the `match` arm starting here

error: could not compile `echo360-downloader` (bin "echo360-downloader") due to 1 previous error
[Finished running. Exit status: 101]
[Running 'cargo run']
[H[2J[3J   Compiling echo360-downloader v0.1.0 (/home/taherm/projects/echo360-downloader)
error: expected one of `,`, `.`, `?`, `}`, or an operator, found `;`
  --> src/main.rs:72:62
   |
72 |                         TaskState::Loading(_) => ui.spinner();,
   |                                               --             ^ expected one of `,`, `.`, `?`, `}`, or an operator
   |                                               |
   |                                               while parsing the `match` arm starting here

error: could not compile `echo360-downloader` (bin "echo360-downloader") due to 1 previous error
[Finished running. Exit status: 101]
[Running 'cargo run']
[H[2J[3J   Compiling echo360-downloader v0.1.0 (/home/taherm/projects/echo360-downloader)
error: expected one of `,`, `.`, `?`, `}`, or an operator, found `;`
  --> src/main.rs:72:62
   |
72 |                         TaskState::Loading(_) => ui.spinner();,
   |                                               --             ^ expected one of `,`, `.`, `?`, `}`, or an operator
   |                                               |
   |                                               while parsing the `match` arm starting here

error: could not compile `echo360-downloader` (bin "echo360-downloader") due to 1 previous error
[Finished running. Exit status: 101]
[Running 'cargo run']
[H[2J[3J   Compiling echo360-downloader v0.1.0 (/home/taherm/projects/echo360-downloader)
error: expected one of `,`, `.`, `?`, `}`, or an operator, found `;`
  --> src/main.rs:72:62
   |
72 |                         TaskState::Loading(_) => ui.spinner();,
   |                                               --             ^ expected one of `,`, `.`, `?`, `}`, or an operator
   |                                               |
   |                                               while parsing the `match` arm starting here

error: could not compile `echo360-downloader` (bin "echo360-downloader") due to 1 previous error
[Finished running. Exit status: 101]
[Running 'cargo run']
[H[2J[3J   Compiling echo360-downloader v0.1.0 (/home/taherm/projects/echo360-downloader)
error: expected one of `,`, `.`, `?`, `}`, or an operator, found `;`
  --> src/main.rs:73:67
   |
73 |                         TaskState::Ok(_) => ui.label("Logged In!");,
   |                                          --                       ^ expected one of `,`, `.`, `?`, `}`, or an operator
   |                                          |
   |                                          while parsing the `match` arm starting here

error[E0308]: `match` arms have incompatible types
  --> src/main.rs:72:50
   |
66 |                       ui.vertical_centered(|ui| match self.cookie.state() {
   |                                                 ------------------------- `match` arms have incompatible types
67 |                           TaskState::NotFired => {
68 | /                             if ui.button("Log In").clicked() {
69 | |                                 self.cookie.fire_async(async move { login().await });
70 | |                             };
   | |______________________________- this is found to be of type `()`
71 |                           }
72 |                           TaskState::Loading(_) => ui.spinner(),
   |                                                    ^^^^^^^^^^^^ expected `()`, found `Response`

For more information about this error, try `rustc --explain E0308`.
error: could not compile `echo360-downloader` (bin "echo360-downloader") due to 2 previous errors
[Finished running. Exit status: 101]
[Running 'cargo run']
[H[2J[3J   Compiling echo360-downloader v0.1.0 (/home/taherm/projects/echo360-downloader)
error[E0308]: `match` arms have incompatible types
  --> src/main.rs:72:50
   |
66 |                       ui.vertical_centered(|ui| match self.cookie.state() {
   |                                                 ------------------------- `match` arms have incompatible types
67 |                           TaskState::NotFired => {
68 | /                             if ui.button("Log In").clicked() {
69 | |                                 self.cookie.fire_async(async move { login().await });
70 | |                             };
   | |______________________________- this is found to be of type `()`
71 |                           }
72 |                           TaskState::Loading(_) => ui.spinner(),
   |                                                    ^^^^^^^^^^^^ expected `()`, found `Response`

For more information about this error, try `rustc --explain E0308`.
error: could not compile `echo360-downloader` (bin "echo360-downloader") due to 1 previous error
[Finished running. Exit status: 101]
[Running 'cargo run']
[H[2J[3J   Compiling echo360-downloader v0.1.0 (/home/taherm/projects/echo360-downloader)
error[E0308]: `match` arms have incompatible types
  --> src/main.rs:72:50
   |
66 |                       ui.vertical_centered(|ui| match self.cookie.state() {
   |                                                 ------------------------- `match` arms have incompatible types
67 |                           TaskState::NotFired => {
68 | /                             if ui.button("Log In").clicked() {
69 | |                                 self.cookie.fire_async(async move { login().await });
70 | |                             }
   | |_____________________________- this is found to be of type `()`
71 |                           }
72 |                           TaskState::Loading(_) => ui.spinner(),
   |                                                    ^^^^^^^^^^^^ expected `()`, found `Response`

For more information about this error, try `rustc --explain E0308`.
error: could not compile `echo360-downloader` (bin "echo360-downloader") due to 1 previous error
[Finished running. Exit status: 101]
[Running 'cargo run']
[H[2J[3J   Compiling echo360-downloader v0.1.0 (/home/taherm/projects/echo360-downloader)
error[E0308]: `match` arms have incompatible types
  --> src/main.rs:72:50
   |
66 |                       ui.vertical_centered(|ui| match self.cookie.state() {
   |                                                 ------------------------- `match` arms have incompatible types
67 |                           TaskState::NotFired => {
68 | /                             if ui.button("Log In").clicked() {
69 | |                                 self.cookie.fire_async(async move { login().await });
70 | |                             };
   | |______________________________- this is found to be of type `()`
71 |                           }
72 |                           TaskState::Loading(_) => ui.spinner(),
   |                                                    ^^^^^^^^^^^^ expected `()`, found `Response`

For more information about this error, try `rustc --explain E0308`.
error: could not compile `echo360-downloader` (bin "echo360-downloader") due to 1 previous error
[Finished running. Exit status: 101]
[Running 'cargo run']
[H[2J[3J   Compiling echo360-downloader v0.1.0 (/home/taherm/projects/echo360-downloader)
error: mismatched closing delimiter: `)`
  --> src/main.rs:66:73
   |
66 |                     ui.vertical_centered(|ui| match self.cookie.state() {
   |                                         -                               ^ unclosed delimiter
   |                                         |
   |                                         closing delimiter possibly meant for this
...
74 |                     });
   |                      ^ mismatched closing delimiter

error: could not compile `echo360-downloader` (bin "echo360-downloader") due to 1 previous error
[Finished running. Exit status: 101]
[Running 'cargo run']
[H[2J[3J   Compiling echo360-downloader v0.1.0 (/home/taherm/projects/echo360-downloader)
error[E0308]: `match` arms have incompatible types
  --> src/main.rs:72:51
   |
66 |                       ui.vertical_centered(|ui| match self.cookie.state() {
   |                                                 ------------------------- `match` arms have incompatible types
67 |                           TaskState::NotFired => {
68 | /                             if ui.button("Log In").clicked() {
69 | |                                 self.cookie.fire_async(async move { login().await });
70 | |                             };
   | |______________________________- this is found to be of type `()`
71 |                           }
72 |                           TaskState::Loading(_) => {ui.spinner()},
   |                                                     ^^^^^^^^^^^^ expected `()`, found `Response`

For more information about this error, try `rustc --explain E0308`.
error: could not compile `echo360-downloader` (bin "echo360-downloader") due to 1 previous error
[Finished running. Exit status: 101]
[Running 'cargo run']
[H[2J[3J   Compiling echo360-downloader v0.1.0 (/home/taherm/projects/echo360-downloader)
error[E0308]: `match` arms have incompatible types
  --> src/main.rs:73:45
   |
66 |                       ui.vertical_centered(|ui| match self.cookie.state() {
   |                                                 ------------------------- `match` arms have incompatible types
67 |                           TaskState::NotFired => {
68 | /                             if ui.button("Log In").clicked() {
69 | |                                 self.cookie.fire_async(async move { login().await });
70 | |                             };
   | |______________________________- this is found to be of type `()`
71 |                           }
72 |                           TaskState::Loading(_) => {ui.spinner();},
   |                                                     -------------
   |                                                     |           |
   |                                                     |           help: consider removing this semicolon
   |                                                     this is found to be of type `()`
73 |                           TaskState::Ok(_) => ui.label("Logged In!"),
   |                                               ^^^^^^^^^^^^^^^^^^^^^^ expected `()`, found `Response`

For more information about this error, try `rustc --explain E0308`.
error: could not compile `echo360-downloader` (bin "echo360-downloader") due to 1 previous error
[Finished running. Exit status: 101]
[Running 'cargo run']
[H[2J[3J   Compiling echo360-downloader v0.1.0 (/home/taherm/projects/echo360-downloader)
error: mismatched closing delimiter: `)`
  --> src/main.rs:66:73
   |
66 |                     ui.vertical_centered(|ui| match self.cookie.state() {
   |                                         -                               ^ unclosed delimiter
   |                                         |
   |                                         closing delimiter possibly meant for this
...
74 |                     });
   |                      ^ mismatched closing delimiter

error: could not compile `echo360-downloader` (bin "echo360-downloader") due to 1 previous error
[Finished running. Exit status: 101]
[Running 'cargo run']
[H[2J[3J   Compiling echo360-downloader v0.1.0 (/home/taherm/projects/echo360-downloader)
[Running 'cargo run']
[H[2J[3J   Compiling echo360-downloader v0.1.0 (/home/taherm/projects/echo360-downloader)
    Finished dev [unoptimized + debuginfo] target(s) in 11.40s
     Running `target/debug/echo360-downloader`
[2024-08-08T17:46:04Z ERROR sctk_adwaita::pointer] Failed to set cursor
[2024-08-08T17:46:04Z ERROR sctk_adwaita::pointer] Failed to set cursor
[2024-08-08T17:46:04Z ERROR sctk_adwaita::pointer] Failed to set cursor
[2024-08-08T17:46:05Z ERROR sctk_adwaita::pointer] Failed to set cursor
[2024-08-08T17:46:05Z ERROR sctk_adwaita::pointer] Failed to set cursor
[2024-08-08T17:46:09Z ERROR sctk_adwaita::pointer] Failed to set cursor
[Finished running. Exit status: 0]
[Running 'cargo run']
[H[2J[3J   Compiling echo360-downloader v0.1.0 (/home/taherm/projects/echo360-downloader)
    Finished dev [unoptimized + debuginfo] target(s) in 9.28s
     Running `target/debug/echo360-downloader`
[Running 'cargo run']
[H[2J[3J   Compiling echo360-downloader v0.1.0 (/home/taherm/projects/echo360-downloader)
[Running 'cargo run']
[H[2J[3J   Compiling echo360-downloader v0.1.0 (/home/taherm/projects/echo360-downloader)
    Finished dev [unoptimized + debuginfo] target(s) in 8.95s
     Running `target/debug/echo360-downloader`
[2024-08-08T17:46:39Z ERROR sctk_adwaita::pointer] Failed to set cursor
[2024-08-08T17:46:41Z ERROR sctk_adwaita::pointer] Failed to set cursor
[2024-08-08T17:46:43Z ERROR sctk_adwaita::pointer] Failed to set cursor
[2024-08-08T17:46:45Z ERROR sctk_adwaita::pointer] Failed to set cursor
[2024-08-08T17:46:49Z ERROR sctk_adwaita::pointer] Failed to set cursor
[2024-08-08T17:46:49Z ERROR sctk_adwaita::pointer] Failed to set cursor
[2024-08-08T17:46:49Z ERROR sctk_adwaita::pointer] Failed to set cursor
[2024-08-08T17:46:49Z ERROR sctk_adwaita::pointer] Failed to set cursor
[2024-08-08T17:46:49Z ERROR sctk_adwaita::pointer] Failed to set cursor
[2024-08-08T17:46:49Z ERROR sctk_adwaita::pointer] Failed to set cursor
[2024-08-08T17:46:49Z ERROR sctk_adwaita::pointer] Failed to set cursor
[2024-08-08T17:46:49Z ERROR sctk_adwaita::pointer] Failed to set cursor
[2024-08-08T17:46:53Z ERROR sctk_adwaita::pointer] Failed to set cursor
[2024-08-08T17:46:53Z ERROR sctk_adwaita::pointer] Failed to set cursor
[2024-08-08T17:47:07Z ERROR sctk_adwaita::pointer] Failed to set cursor
[2024-08-08T17:47:07Z ERROR sctk_adwaita::pointer] Failed to set cursor
[2024-08-08T17:47:07Z ERROR sctk_adwaita::pointer] Failed to set cursor
[2024-08-08T17:47:07Z ERROR sctk_adwaita::pointer] Failed to set cursor
[2024-08-08T17:47:07Z ERROR sctk_adwaita::pointer] Failed to set cursor
[2024-08-08T17:47:07Z ERROR sctk_adwaita::pointer] Failed to set cursor
[2024-08-08T17:47:07Z ERROR sctk_adwaita::pointer] Failed to set cursor
[2024-08-08T17:47:08Z ERROR sctk_adwaita::pointer] Failed to set cursor
[2024-08-08T17:47:09Z ERROR sctk_adwaita::pointer] Failed to set cursor
[2024-08-08T17:47:34Z ERROR sctk_adwaita::pointer] Failed to set cursor
[2024-08-08T17:47:35Z ERROR sctk_adwaita::pointer] Failed to set cursor
[2024-08-08T17:47:50Z ERROR sctk_adwaita::pointer] Failed to set cursor
[2024-08-08T17:48:05Z ERROR sctk_adwaita::pointer] Failed to set cursor
[Running 'cargo run']
[H[2J[3J   Compiling echo360-downloader v0.1.0 (/home/taherm/projects/echo360-downloader)
error: mismatched closing delimiter: `}`
  --> src/main.rs:68:38
   |
67 |                         TaskState::NotFired => {
   |                                                - closing delimiter possibly meant for this
68 |                             if ui.add(Ui::utton("Log in to see Courses").clicked() {
   |                                      ^ unclosed delimiter
...
71 |                         }
   |                         ^ mismatched closing delimiter

error: could not compile `echo360-downloader` (bin "echo360-downloader") due to 1 previous error
[Finished running. Exit status: 101]
[Running 'cargo run']
[H[2J[3J   Compiling echo360-downloader v0.1.0 (/home/taherm/projects/echo360-downloader)
error: mismatched closing delimiter: `}`
  --> src/main.rs:68:38
   |
67 |                         TaskState::NotFired => {
   |                                                - closing delimiter possibly meant for this
68 |                             if ui.add(Ui::Button("Log in to see Courses").clicked() {
   |                                      ^ unclosed delimiter
...
71 |                         }
   |                         ^ mismatched closing delimiter

error: could not compile `echo360-downloader` (bin "echo360-downloader") due to 1 previous error
[Finished running. Exit status: 101]
[Running 'cargo run']
[H[2J[3J   Compiling echo360-downloader v0.1.0 (/home/taherm/projects/echo360-downloader)
error[E0433]: failed to resolve: use of undeclared type `Ui`
  --> src/main.rs:68:39
   |
68 | ...                   if ui.add(Ui::Button("Log in to see Courses")).clicked() {
   |                                 ^^ use of undeclared type `Ui`
   |
help: consider importing this struct
   |
3  + use crate::egui::Ui;
   |

For more information about this error, try `rustc --explain E0433`.
error: could not compile `echo360-downloader` (bin "echo360-downloader") due to 1 previous error
[Finished running. Exit status: 101]
[Running 'cargo run']
[H[2J[3J   Compiling echo360-downloader v0.1.0 (/home/taherm/projects/echo360-downloader)
error[E0433]: failed to resolve: use of undeclared type `Ui`
  --> src/main.rs:68:39
   |
68 | ...                   if ui.add(Ui::Button("Log in to see Courses").min).clicked() {
   |                                 ^^ use of undeclared type `Ui`
   |
help: consider importing this struct
   |
3  + use crate::egui::Ui;
   |

For more information about this error, try `rustc --explain E0433`.
error: could not compile `echo360-downloader` (bin "echo360-downloader") due to 1 previous error
[Finished running. Exit status: 101]
[Running 'cargo run']
[H[2J[3J   Compiling echo360-downloader v0.1.0 (/home/taherm/projects/echo360-downloader)
error[E0423]: expected function, tuple struct or tuple variant, found struct `egui::Button`
  --> src/main.rs:68:39
   |
68 | ...                   if ui.add(egui::Button("Log in to see Courses").min).clicked() {
   |                                 ^^^^^^^^^^^^^^^^^^^^^^^^^^^^^^^^^^^^^
   |
  ::: /home/taherm/.cargo/registry/src/index.crates.io-6f17d22bba15001f/egui-0.24.1/src/widgets/button.rs:22:1
   |
22 | pub struct Button<'a> {
   | --------------------- `egui::Button` defined here
   |
help: you might have meant to use an associated function to build this type
   |
68 |                             if ui.add(egui::Button::new(_).min).clicked() {
   |                                                   ~~~~~~~~
68 |                             if ui.add(egui::Button::image(_).min).clicked() {
   |                                                   ~~~~~~~~~~
68 |                             if ui.add(egui::Button::image_and_text(_, _).min).clicked() {
   |                                                   ~~~~~~~~~~~~~~~~~~~~~~
68 |                             if ui.add(egui::Button::opt_image_and_text(_, _).min).clicked() {
   |                                                   ~~~~~~~~~~~~~~~~~~~~~~~~~~
help: consider importing one of these items instead
   |
3  + use crate::egui::TextStyle::Button;
   |
3  + use crate::egui::WidgetType::Button;
   |
help: if you import `Button`, refer to it directly
   |
68 -                             if ui.add(egui::Button("Log in to see Courses").min).clicked() {
68 +                             if ui.add(Button("Log in to see Courses").min).clicked() {
   |

For more information about this error, try `rustc --explain E0423`.
error: could not compile `echo360-downloader` (bin "echo360-downloader") due to 1 previous error
[Finished running. Exit status: 101]
[Running 'cargo run']
[H[2J[3J   Compiling echo360-downloader v0.1.0 (/home/taherm/projects/echo360-downloader)
error: expected type, found `"Log in to see Courses"`
  --> src/main.rs:68:54
   |
68 | ...                   if ui.add(egui::Button::("Log in to see Courses").min).clicked() {
   |                                                ^^^^^^^^^^^^^^^^^^^^^^^ expected type

error: could not compile `echo360-downloader` (bin "echo360-downloader") due to 1 previous error
[Finished running. Exit status: 101]
[Running 'cargo run']
[H[2J[3J   Compiling echo360-downloader v0.1.0 (/home/taherm/projects/echo360-downloader)
error[E0609]: no field `min` on type `eframe::egui::Button<'_>`
  --> src/main.rs:68:82
   |
68 | ...                   if ui.add(egui::Button::new("Log in to see Courses").min).clicked() {
   |                                                                            ^^^ unknown field

For more information about this error, try `rustc --explain E0609`.
error: could not compile `echo360-downloader` (bin "echo360-downloader") due to 1 previous error
[Finished running. Exit status: 101]
[Running 'cargo run']
[H[2J[3J   Compiling echo360-downloader v0.1.0 (/home/taherm/projects/echo360-downloader)
error[E0425]: cannot find value `min_size` in this scope
  --> src/main.rs:68:91
   |
68 | ...                   if ui.add(egui::Button::new("Log in to see Courses").min_size(min_size)).clicked() {
   |                                                                                     ^^^^^^^^ not found in this scope

For more information about this error, try `rustc --explain E0425`.
error: could not compile `echo360-downloader` (bin "echo360-downloader") due to 1 previous error
[Finished running. Exit status: 101]
[Running 'cargo run']
[H[2J[3J   Compiling echo360-downloader v0.1.0 (/home/taherm/projects/echo360-downloader)
error: mismatched closing delimiter: `)`
  --> src/main.rs:68:91
   |
68 | ...                   if ui.add(egui::Button::new("Log in to see Courses").min_size([30., 30.)).clicked() {
   |                                                                                    -^        ^ mismatched closing delimiter
   |                                                                                    ||
   |                                                                                    |unclosed delimiter
   |                                                                                    closing delimiter possibly meant for this

error: could not compile `echo360-downloader` (bin "echo360-downloader") due to 1 previous error
[Finished running. Exit status: 101]
[Running 'cargo run']
[H[2J[3J    Blocking waiting for file lock on package cache
   Compiling echo360-downloader v0.1.0 (/home/taherm/projects/echo360-downloader)
error[E0308]: mismatched types
   --> src/main.rs:70:89
    |
70  | ...                   egui::Button::new("Log in to see Courses").min_size([30., 30.]),
    |                                                                  -------- ^^^^^^^^^^ expected `Vec2`, found `[{float}; 2]`
    |                                                                  |
    |                                                                  arguments to this method are incorrect
    |
note: method defined here
   --> /home/taherm/.cargo/registry/src/index.crates.io-6f17d22bba15001f/egui-0.24.1/src/widgets/button.rs:131:12
    |
131 |     pub fn min_size(mut self, min_size: Vec2) -> Self {
    |            ^^^^^^^^
help: call `Into::into` on this expression to convert `[{float}; 2]` into `eframe::egui::Vec2`
    |
70  |                                     egui::Button::new("Log in to see Courses").min_size([30., 30.].into()),
    |                                                                                                   +++++++

For more information about this error, try `rustc --explain E0308`.
error: could not compile `echo360-downloader` (bin "echo360-downloader") due to 1 previous error
[Finished running. Exit status: 101]
[Running 'cargo run']
[H[2J[3J   Compiling echo360-downloader v0.1.0 (/home/taherm/projects/echo360-downloader)
error[E0308]: mismatched types
   --> src/main.rs:70:89
    |
70  | ...                   egui::Button::new("Log in to see Courses").min_size([30., 30.]),
    |                                                                  -------- ^^^^^^^^^^ expected `Vec2`, found `[{float}; 2]`
    |                                                                  |
    |                                                                  arguments to this method are incorrect
    |
note: method defined here
   --> /home/taherm/.cargo/registry/src/index.crates.io-6f17d22bba15001f/egui-0.24.1/src/widgets/button.rs:131:12
    |
131 |     pub fn min_size(mut self, min_size: Vec2) -> Self {
    |            ^^^^^^^^
help: call `Into::into` on this expression to convert `[{float}; 2]` into `eframe::egui::Vec2`
    |
70  |                                     egui::Button::new("Log in to see Courses").min_size([30., 30.].into()),
    |                                                                                                   +++++++

For more information about this error, try `rustc --explain E0308`.
error: could not compile `echo360-downloader` (bin "echo360-downloader") due to 1 previous error
[Finished running. Exit status: 101]
[Running 'cargo run']
[H[2J[3J   Compiling echo360-downloader v0.1.0 (/home/taherm/projects/echo360-downloader)
error[E0308]: mismatched types
  --> src/main.rs:70:95
   |
70 | ...                   egui::Button::new("Log in to see Courses").min_size([30., 30]),
   |                                                                                 ^^ expected floating-point number, found integer

For more information about this error, try `rustc --explain E0308`.
error: could not compile `echo360-downloader` (bin "echo360-downloader") due to 1 previous error
[Finished running. Exit status: 101]
[Running 'cargo run']
[H[2J[3J   Compiling echo360-downloader v0.1.0 (/home/taherm/projects/echo360-downloader)
error[E0308]: mismatched types
   --> src/main.rs:70:89
    |
70  | ...                   egui::Button::new("Log in to see Courses").min_size([30, 30]),
    |                                                                  -------- ^^^^^^^^ expected `Vec2`, found `[{integer}; 2]`
    |                                                                  |
    |                                                                  arguments to this method are incorrect
    |
note: method defined here
   --> /home/taherm/.cargo/registry/src/index.crates.io-6f17d22bba15001f/egui-0.24.1/src/widgets/button.rs:131:12
    |
131 |     pub fn min_size(mut self, min_size: Vec2) -> Self {
    |            ^^^^^^^^

For more information about this error, try `rustc --explain E0308`.
error: could not compile `echo360-downloader` (bin "echo360-downloader") due to 1 previous error
[Finished running. Exit status: 101]
[Running 'cargo run']
[H[2J[3J    Blocking waiting for file lock on package cache
   Compiling echo360-downloader v0.1.0 (/home/taherm/projects/echo360-downloader)
error[E0308]: mismatched types
   --> src/main.rs:70:89
    |
70  | ...                   egui::Button::new("Log in to see Courses").min_size([30., 30.]),
    |                                                                  -------- ^^^^^^^^^^ expected `Vec2`, found `[{float}; 2]`
    |                                                                  |
    |                                                                  arguments to this method are incorrect
    |
note: method defined here
   --> /home/taherm/.cargo/registry/src/index.crates.io-6f17d22bba15001f/egui-0.24.1/src/widgets/button.rs:131:12
    |
131 |     pub fn min_size(mut self, min_size: Vec2) -> Self {
    |            ^^^^^^^^
help: call `Into::into` on this expression to convert `[{float}; 2]` into `eframe::egui::Vec2`
    |
70  |                                     egui::Button::new("Log in to see Courses").min_size([30., 30.].into()),
    |                                                                                                   +++++++

[Running 'cargo run']
[H[2J[3J   Compiling echo360-downloader v0.1.0 (/home/taherm/projects/echo360-downloader)
error[E0308]: mismatched types
   --> src/main.rs:70:89
    |
70  | ...                   egui::Button::new("Log in to see Courses").min_size([30., 30.]),
    |                                                                  -------- ^^^^^^^^^^ expected `Vec2`, found `[{float}; 2]`
    |                                                                  |
    |                                                                  arguments to this method are incorrect
    |
note: method defined here
   --> /home/taherm/.cargo/registry/src/index.crates.io-6f17d22bba15001f/egui-0.24.1/src/widgets/button.rs:131:12
    |
131 |     pub fn min_size(mut self, min_size: Vec2) -> Self {
    |            ^^^^^^^^
help: call `Into::into` on this expression to convert `[{float}; 2]` into `eframe::egui::Vec2`
    |
70  |                                     egui::Button::new("Log in to see Courses").min_size([30., 30.].into()),
    |                                                                                                   +++++++

For more information about this error, try `rustc --explain E0308`.
error: could not compile `echo360-downloader` (bin "echo360-downloader") due to 1 previous error
[Finished running. Exit status: 101]
[Running 'cargo run']
[H[2J[3J   Compiling echo360-downloader v0.1.0 (/home/taherm/projects/echo360-downloader)
[Running 'cargo run']
[H[2J[3J   Compiling echo360-downloader v0.1.0 (/home/taherm/projects/echo360-downloader)
    Finished dev [unoptimized + debuginfo] target(s) in 9.87s
     Running `target/debug/echo360-downloader`
[2024-08-08T17:50:00Z ERROR sctk_adwaita::pointer] Failed to set cursor
[2024-08-08T17:50:00Z ERROR sctk_adwaita::pointer] Failed to set cursor
[2024-08-08T17:50:00Z ERROR sctk_adwaita::pointer] Failed to set cursor
[2024-08-08T17:50:04Z ERROR sctk_adwaita::pointer] Failed to set cursor
[2024-08-08T17:50:08Z ERROR sctk_adwaita::pointer] Failed to set cursor
[2024-08-08T17:50:08Z ERROR sctk_adwaita::pointer] Failed to set cursor
[2024-08-08T17:50:11Z ERROR sctk_adwaita::pointer] Failed to set cursor
[Running 'cargo run']
[H[2J[3J   Compiling echo360-downloader v0.1.0 (/home/taherm/projects/echo360-downloader)
[Running 'cargo run']
[H[2J[3J   Compiling echo360-downloader v0.1.0 (/home/taherm/projects/echo360-downloader)
[Running 'cargo run']
[H[2J[3J   Compiling echo360-downloader v0.1.0 (/home/taherm/projects/echo360-downloader)
[Running 'cargo run']
[H[2J[3J   Compiling echo360-downloader v0.1.0 (/home/taherm/projects/echo360-downloader)
[Running 'cargo run']
[H[2J[3J    Blocking waiting for file lock on package cache
    Blocking waiting for file lock on build directory
   Compiling echo360-downloader v0.1.0 (/home/taherm/projects/echo360-downloader)
[Running 'cargo run']
[H[2J[3J   Compiling echo360-downloader v0.1.0 (/home/taherm/projects/echo360-downloader)
    Finished dev [unoptimized + debuginfo] target(s) in 9.33s
     Running `target/debug/echo360-downloader`
[Running 'cargo run']
[H[2J[3J    Blocking waiting for file lock on package cache
    Blocking waiting for file lock on build directory
   Compiling echo360-downloader v0.1.0 (/home/taherm/projects/echo360-downloader)
warning: unused variable: `cookie`
  --> src/main.rs:81:39
   |
81 |                         TaskState::Ok(cookie) => {
   |                                       ^^^^^^ help: if this is intentional, prefix it with an underscore: `_cookie`
   |
   = note: `#[warn(unused_variables)]` on by default

warning: `echo360-downloader` (bin "echo360-downloader") generated 1 warning (run `cargo fix --bin "echo360-downloader"` to apply 1 suggestion)
    Finished dev [unoptimized + debuginfo] target(s) in 13.59s
     Running `target/debug/echo360-downloader`
[2024-08-08T17:56:59Z ERROR sctk_adwaita::pointer] Failed to set cursor
[2024-08-08T17:57:00Z ERROR sctk_adwaita::pointer] Failed to set cursor
[Running 'cargo run']
[H[2J[3J   Compiling echo360-downloader v0.1.0 (/home/taherm/projects/echo360-downloader)
error: expected `{`, found `ui`
  --> src/main.rs:86:29
   |
86 | ...                   ui.label("Logged In!");
   |                       ^^ expected `{`
   |
note: the `if` expression is missing a block after this condition
  --> src/main.rs:83:32
   |
83 | ...                   if cookie.is_err()
   |                          ^^^^^^^^^^^^^^^
help: try placing this code inside a block
   |
86 |                             { ui.label("Logged In!"); }
   |                             +                         +

error: could not compile `echo360-downloader` (bin "echo360-downloader") due to 1 previous error
[Finished running. Exit status: 101]
[Running 'cargo run']
[H[2J[3J   Compiling echo360-downloader v0.1.0 (/home/taherm/projects/echo360-downloader)
[Running 'cargo run']
[H[2J[3J   Compiling echo360-downloader v0.1.0 (/home/taherm/projects/echo360-downloader)
    Finished dev [unoptimized + debuginfo] target(s) in 8.84s
     Running `target/debug/echo360-downloader`
[Running 'cargo run']
[H[2J[3J   Compiling echo360-downloader v0.1.0 (/home/taherm/projects/echo360-downloader)
error[E0599]: no method named `is_o` found for reference `&Result<thirtyfour::Cookie, Error>` in the current scope
  --> src/main.rs:83:39
   |
83 | ...                   if cookie.is_o() {
   |                                 ^^^^ help: there is a method with a similar name: `is_ok`

For more information about this error, try `rustc --explain E0599`.
error: could not compile `echo360-downloader` (bin "echo360-downloader") due to 1 previous error
[Finished running. Exit status: 101]
[Running 'cargo run']
[H[2J[3J   Compiling echo360-downloader v0.1.0 (/home/taherm/projects/echo360-downloader)
[Running 'cargo run']
[H[2J[3J   Compiling echo360-downloader v0.1.0 (/home/taherm/projects/echo360-downloader)
[Running 'cargo run']
[H[2J[3J   Compiling echo360-downloader v0.1.0 (/home/taherm/projects/echo360-downloader)
[Running 'cargo run']
[H[2J[3J   Compiling echo360-downloader v0.1.0 (/home/taherm/projects/echo360-downloader)
[Running 'cargo run']
[H[2J[3J    Blocking waiting for file lock on package cache
   Compiling echo360-downloader v0.1.0 (/home/taherm/projects/echo360-downloader)
[Running 'cargo run']
[H[2J[3J   Compiling echo360-downloader v0.1.0 (/home/taherm/projects/echo360-downloader)
    Finished dev [unoptimized + debuginfo] target(s) in 9.03s
     Running `target/debug/echo360-downloader`
[Running 'cargo run']
[H[2J[3J   Compiling echo360-downloader v0.1.0 (/home/taherm/projects/echo360-downloader)
    Finished dev [unoptimized + debuginfo] target(s) in 9.06s
     Running `target/debug/echo360-downloader`
[Running 'cargo run']
[H[2J[3J   Compiling echo360-downloader v0.1.0 (/home/taherm/projects/echo360-downloader)
[Running 'cargo run']
[H[2J[3J   Compiling echo360-downloader v0.1.0 (/home/taherm/projects/echo360-downloader)
    Finished dev [unoptimized + debuginfo] target(s) in 9.06s
     Running `target/debug/echo360-downloader`
[2024-08-08T17:58:26Z ERROR sctk_adwaita::pointer] Failed to set cursor
[2024-08-08T17:58:31Z ERROR sctk_adwaita::pointer] Failed to set cursor
[Running 'cargo run']
[H[2J[3J   Compiling echo360-downloader v0.1.0 (/home/taherm/projects/echo360-downloader)
    Finished dev [unoptimized + debuginfo] target(s) in 11.19s
     Running `target/debug/echo360-downloader`
[2024-08-08T17:58:51Z ERROR sctk_adwaita::pointer] Failed to set cursor
[2024-08-08T17:58:57Z ERROR sctk_adwaita::pointer] Failed to set cursor
[2024-08-08T17:58:57Z ERROR sctk_adwaita::pointer] Failed to set cursor
[2024-08-08T17:58:57Z ERROR sctk_adwaita::pointer] Failed to set cursor
[2024-08-08T17:58:58Z ERROR sctk_adwaita::pointer] Failed to set cursor
[2024-08-08T17:58:58Z ERROR sctk_adwaita::pointer] Failed to set cursor
[2024-08-08T17:58:58Z ERROR sctk_adwaita::pointer] Failed to set cursor
[2024-08-08T17:58:58Z ERROR sctk_adwaita::pointer] Failed to set cursor
[2024-08-08T17:58:58Z ERROR sctk_adwaita::pointer] Failed to set cursor
[2024-08-08T17:58:59Z ERROR sctk_adwaita::pointer] Failed to set cursor
[2024-08-08T17:58:59Z ERROR sctk_adwaita::pointer] Failed to set cursor
[2024-08-08T17:59:01Z ERROR sctk_adwaita::pointer] Failed to set cursor
[2024-08-08T17:59:02Z ERROR sctk_adwaita::pointer] Failed to set cursor
[2024-08-08T17:59:02Z ERROR sctk_adwaita::pointer] Failed to set cursor
[2024-08-08T17:59:02Z ERROR sctk_adwaita::pointer] Failed to set cursor
[2024-08-08T17:59:02Z ERROR sctk_adwaita::pointer] Failed to set cursor
[2024-08-08T17:59:02Z ERROR sctk_adwaita::pointer] Failed to set cursor
[2024-08-08T17:59:05Z ERROR sctk_adwaita::pointer] Failed to set cursor
[2024-08-08T17:59:05Z ERROR sctk_adwaita::pointer] Failed to set cursor
[2024-08-08T17:59:06Z ERROR sctk_adwaita::pointer] Failed to set cursor
[2024-08-08T17:59:06Z ERROR sctk_adwaita::pointer] Failed to set cursor
[2024-08-08T17:59:07Z ERROR sctk_adwaita::pointer] Failed to set cursor
[2024-08-08T17:59:07Z ERROR sctk_adwaita::pointer] Failed to set cursor
[2024-08-08T17:59:08Z ERROR sctk_adwaita::pointer] Failed to set cursor
[2024-08-08T17:59:08Z ERROR sctk_adwaita::pointer] Failed to set cursor
[2024-08-08T17:59:08Z ERROR sctk_adwaita::pointer] Failed to set cursor
[2024-08-08T17:59:08Z ERROR sctk_adwaita::pointer] Failed to set cursor
[2024-08-08T17:59:10Z ERROR sctk_adwaita::pointer] Failed to set cursor
[2024-08-08T17:59:10Z ERROR sctk_adwaita::pointer] Failed to set cursor
[2024-08-08T17:59:11Z ERROR sctk_adwaita::pointer] Failed to set cursor
[Running 'cargo run']
[H[2J[3J   Compiling echo360-downloader v0.1.0 (/home/taherm/projects/echo360-downloader)
    Finished dev [unoptimized + debuginfo] target(s) in 8.44s
     Running `target/debug/echo360-downloader`
[2024-08-08T17:59:27Z ERROR sctk_adwaita::pointer] Failed to set cursor
[2024-08-08T17:59:28Z ERROR sctk_adwaita::pointer] Failed to set cursor
[2024-08-08T17:59:29Z ERROR sctk_adwaita::pointer] Failed to set cursor
[2024-08-08T17:59:52Z ERROR sctk_adwaita::pointer] Failed to set cursor
[2024-08-08T17:59:52Z ERROR sctk_adwaita::pointer] Failed to set cursor
[2024-08-08T17:59:54Z ERROR sctk_adwaita::pointer] Failed to set cursor
[2024-08-08T17:59:54Z ERROR sctk_adwaita::pointer] Failed to set cursor
[2024-08-08T17:59:54Z ERROR sctk_adwaita::pointer] Failed to set cursor
[2024-08-08T17:59:54Z ERROR sctk_adwaita::pointer] Failed to set cursor
[2024-08-08T17:59:54Z ERROR sctk_adwaita::pointer] Failed to set cursor
[2024-08-08T17:59:54Z ERROR sctk_adwaita::pointer] Failed to set cursor
[2024-08-08T17:59:54Z ERROR sctk_adwaita::pointer] Failed to set cursor
[2024-08-08T17:59:54Z ERROR sctk_adwaita::pointer] Failed to set cursor
[2024-08-08T17:59:54Z ERROR sctk_adwaita::pointer] Failed to set cursor
[2024-08-08T17:59:54Z ERROR sctk_adwaita::pointer] Failed to set cursor
[2024-08-08T17:59:54Z ERROR sctk_adwaita::pointer] Failed to set cursor
[2024-08-08T17:59:57Z ERROR sctk_adwaita::pointer] Failed to set cursor
[2024-08-08T18:00:00Z ERROR sctk_adwaita::pointer] Failed to set cursor
[2024-08-08T18:00:02Z ERROR sctk_adwaita::pointer] Failed to set cursor
[2024-08-08T18:00:02Z ERROR sctk_adwaita::pointer] Failed to set cursor
[2024-08-08T18:00:03Z ERROR sctk_adwaita::pointer] Failed to set cursor
[2024-08-08T18:00:03Z ERROR sctk_adwaita::pointer] Failed to set cursor
[2024-08-08T18:00:04Z ERROR sctk_adwaita::pointer] Failed to set cursor
[2024-08-08T18:00:05Z ERROR sctk_adwaita::pointer] Failed to set cursor
[2024-08-08T18:00:05Z ERROR sctk_adwaita::pointer] Failed to set cursor
[Running 'cargo run']
[H[2J[3J    Blocking waiting for file lock on package cache
    Blocking waiting for file lock on build directory
   Compiling echo360-downloader v0.1.0 (/home/taherm/projects/echo360-downloader)
error: mismatched closing delimiter: `}`
  --> src/main.rs:69:37
   |
67 |                         TaskState::NotFired => {
   |                                                - closing delimiter possibly meant for this
68 |                             if ui
69 |                                 .add(
   |                                     ^ unclosed delimiter
...
77 |                         }
   |                         ^ mismatched closing delimiter

error: could not compile `echo360-downloader` (bin "echo360-downloader") due to 1 previous error
[Finished running. Exit status: 101]
[Running 'cargo run']
[H[2J[3J    Blocking waiting for file lock on build directory
   Compiling echo360-downloader v0.1.0 (/home/taherm/projects/echo360-downloader)
[Running 'cargo run']
[H[2J[3J    Blocking waiting for file lock on build directory
   Compiling echo360-downloader v0.1.0 (/home/taherm/projects/echo360-downloader)
error[E0433]: failed to resolve: use of undeclared type `RichText`
  --> src/main.rs:71:41
   |
71 | ...                   RichText::new("Log in to see Courses").size(32.0),
   |                       ^^^^^^^^ use of undeclared type `RichText`
   |
help: consider importing this struct
   |
3  + use crate::egui::RichText;
   |

For more information about this error, try `rustc --explain E0433`.
error: could not compile `echo360-downloader` (bin "echo360-downloader") due to 1 previous error
[Finished running. Exit status: 101]
[Running 'cargo run']
[H[2J[3J   Compiling echo360-downloader v0.1.0 (/home/taherm/projects/echo360-downloader)
    Finished dev [unoptimized + debuginfo] target(s) in 11.89s
     Running `target/debug/echo360-downloader`
[2024-08-08T18:03:26Z ERROR sctk_adwaita::pointer] Failed to set cursor
[2024-08-08T18:03:26Z ERROR sctk_adwaita::pointer] Failed to set cursor
[2024-08-08T18:03:26Z ERROR sctk_adwaita::pointer] Failed to set cursor
[2024-08-08T18:03:28Z ERROR sctk_adwaita::pointer] Failed to set cursor
[2024-08-08T18:03:28Z ERROR sctk_adwaita::pointer] Failed to set cursor
[2024-08-08T18:03:28Z ERROR sctk_adwaita::pointer] Failed to set cursor
[Running 'cargo run']
[H[2J[3J   Compiling echo360-downloader v0.1.0 (/home/taherm/projects/echo360-downloader)
    Finished dev [unoptimized + debuginfo] target(s) in 8.82s
     Running `target/debug/echo360-downloader`
[2024-08-08T18:03:55Z ERROR sctk_adwaita::pointer] Failed to set cursor
[Running 'cargo run']
[H[2J[3J   Compiling echo360-downloader v0.1.0 (/home/taherm/projects/echo360-downloader)
[Running 'cargo run']
[H[2J[3J   Compiling echo360-downloader v0.1.0 (/home/taherm/projects/echo360-downloader)
error[E0616]: field `strong` of struct `eframe::egui::RichText` is private
  --> src/main.rs:71:101
   |
71 | ...                   RichText::new("Log in to see Courses").size(32.0).heading().strong,
   |                                                                                   ^^^^^^ private field
   |
help: a method `strong` also exists, call it with parentheses
   |
71 |                                         RichText::new("Log in to see Courses").size(32.0).heading().strong(),
   |                                                                                                           ++

For more information about this error, try `rustc --explain E0616`.
error: could not compile `echo360-downloader` (bin "echo360-downloader") due to 1 previous error
[Finished running. Exit status: 101]
[Running 'cargo run']
[H[2J[3J   Compiling echo360-downloader v0.1.0 (/home/taherm/projects/echo360-downloader)
    Finished dev [unoptimized + debuginfo] target(s) in 9.26s
     Running `target/debug/echo360-downloader`
[2024-08-08T18:04:39Z ERROR sctk_adwaita::pointer] Failed to set cursor
[2024-08-08T18:04:40Z ERROR sctk_adwaita::pointer] Failed to set cursor
[2024-08-08T18:05:19Z ERROR sctk_adwaita::pointer] Failed to set cursor
[2024-08-08T18:05:19Z ERROR sctk_adwaita::pointer] Failed to set cursor
[2024-08-08T18:05:19Z ERROR sctk_adwaita::pointer] Failed to set cursor
[2024-08-08T18:05:20Z ERROR sctk_adwaita::pointer] Failed to set cursor
[2024-08-08T18:05:21Z ERROR sctk_adwaita::pointer] Failed to set cursor
[2024-08-08T18:05:24Z ERROR sctk_adwaita::pointer] Failed to set cursor
[2024-08-08T18:05:24Z ERROR sctk_adwaita::pointer] Failed to set cursor
[2024-08-08T18:05:27Z ERROR sctk_adwaita::pointer] Failed to set cursor
[2024-08-08T18:05:32Z ERROR sctk_adwaita::pointer] Failed to set cursor
[2024-08-08T18:05:32Z ERROR sctk_adwaita::pointer] Failed to set cursor
[2024-08-08T18:05:32Z ERROR sctk_adwaita::pointer] Failed to set cursor
[2024-08-08T18:05:47Z ERROR sctk_adwaita::pointer] Failed to set cursor
[Running 'cargo run']
[H[2J[3J   Compiling echo360-downloader v0.1.0 (/home/taherm/projects/echo360-downloader)
[Running 'cargo run']
[H[2J[3J   Compiling echo360-downloader v0.1.0 (/home/taherm/projects/echo360-downloader)
    Finished dev [unoptimized + debuginfo] target(s) in 8.92s
     Running `target/debug/echo360-downloader`
[Running 'cargo run']
[H[2J[3J   Compiling echo360-downloader v0.1.0 (/home/taherm/projects/echo360-downloader)
[Running 'cargo run']
[H[2J[3J   Compiling echo360-downloader v0.1.0 (/home/taherm/projects/echo360-downloader)
    Finished dev [unoptimized + debuginfo] target(s) in 9.02s
     Running `target/debug/echo360-downloader`
[2024-08-08T18:06:25Z ERROR sctk_adwaita::pointer] Failed to set cursor
[2024-08-08T18:06:25Z ERROR sctk_adwaita::pointer] Failed to set cursor
[2024-08-08T18:06:26Z ERROR sctk_adwaita::pointer] Failed to set cursor
[2024-08-08T18:06:27Z ERROR sctk_adwaita::pointer] Failed to set cursor
[Running 'cargo run']
[H[2J[3J   Compiling echo360-downloader v0.1.0 (/home/taherm/projects/echo360-downloader)
error[E0061]: this method takes 1 argument but 0 arguments were supplied
    --> src/main.rs:81:32
     |
81   | ...                   ui.add();
     |                          ^^^-- an argument is missing
     |
note: method defined here
    --> /home/taherm/.cargo/registry/src/index.crates.io-6f17d22bba15001f/egui-0.24.1/src/ui.rs:1056:12
     |
1056 |     pub fn add(&mut self, widget: impl Widget) -> Response {
     |            ^^^
help: provide the argument
     |
81   |                             ui.add(/* widget */);
     |                                   ~~~~~~~~~~~~~~

For more information about this error, try `rustc --explain E0061`.
error: could not compile `echo360-downloader` (bin "echo360-downloader") due to 1 previous error
[Finished running. Exit status: 101]
[Running 'cargo run']
[H[2J[3J   Compiling echo360-downloader v0.1.0 (/home/taherm/projects/echo360-downloader)
error[E0425]: cannot find value `size` in this scope
  --> src/main.rs:81:62
   |
81 | ...                   ui.add(egui::Spinner::new().size(size));
   |                                                        ^^^^ not found in this scope

For more information about this error, try `rustc --explain E0425`.
error: could not compile `echo360-downloader` (bin "echo360-downloader") due to 1 previous error
[Finished running. Exit status: 101]
[Running 'cargo run']
[H[2J[3J   Compiling echo360-downloader v0.1.0 (/home/taherm/projects/echo360-downloader)
    Finished dev [unoptimized + debuginfo] target(s) in 9.28s
     Running `target/debug/echo360-downloader`
[2024-08-08T18:07:20Z ERROR sctk_adwaita::pointer] Failed to set cursor
[2024-08-08T18:07:23Z ERROR sctk_adwaita::pointer] Failed to set cursor
[2024-08-08T18:07:24Z ERROR sctk_adwaita::pointer] Failed to set cursor
[2024-08-08T18:07:26Z ERROR sctk_adwaita::pointer] Failed to set cursor
[2024-08-08T18:07:26Z ERROR sctk_adwaita::pointer] Failed to set cursor
[2024-08-08T18:07:26Z ERROR sctk_adwaita::pointer] Failed to set cursor
[2024-08-08T18:07:28Z ERROR sctk_adwaita::pointer] Failed to set cursor
[2024-08-08T18:07:28Z ERROR sctk_adwaita::pointer] Failed to set cursor
[2024-08-08T18:07:30Z ERROR sctk_adwaita::pointer] Failed to set cursor
[2024-08-08T18:07:30Z ERROR sctk_adwaita::pointer] Failed to set cursor
[2024-08-08T18:07:30Z ERROR sctk_adwaita::pointer] Failed to set cursor
[2024-08-08T18:07:30Z ERROR sctk_adwaita::pointer] Failed to set cursor
[2024-08-08T18:07:30Z ERROR sctk_adwaita::pointer] Failed to set cursor
[2024-08-08T18:07:31Z ERROR sctk_adwaita::pointer] Failed to set cursor
[2024-08-08T18:07:32Z ERROR sctk_adwaita::pointer] Failed to set cursor
[2024-08-08T18:07:35Z ERROR sctk_adwaita::pointer] Failed to set cursor
[2024-08-08T18:07:35Z ERROR sctk_adwaita::pointer] Failed to set cursor
[2024-08-08T18:07:35Z ERROR sctk_adwaita::pointer] Failed to set cursor
[2024-08-08T18:07:36Z ERROR sctk_adwaita::pointer] Failed to set cursor
[2024-08-08T18:07:36Z ERROR sctk_adwaita::pointer] Failed to set cursor
[2024-08-08T18:07:37Z ERROR sctk_adwaita::pointer] Failed to set cursor
[2024-08-08T18:07:37Z ERROR sctk_adwaita::pointer] Failed to set cursor
[2024-08-08T18:07:37Z ERROR sctk_adwaita::pointer] Failed to set cursor
[2024-08-08T18:07:38Z ERROR sctk_adwaita::pointer] Failed to set cursor
[Running 'cargo run']
[H[2J[3J   Compiling echo360-downloader v0.1.0 (/home/taherm/projects/echo360-downloader)
[Running 'cargo run']
[H[2J[3J   Compiling echo360-downloader v0.1.0 (/home/taherm/projects/echo360-downloader)
[Running 'cargo run']
[H[2J[3J   Compiling echo360-downloader v0.1.0 (/home/taherm/projects/echo360-downloader)
    Finished dev [unoptimized + debuginfo] target(s) in 8.53s
     Running `target/debug/echo360-downloader`
[Running 'cargo run']
[H[2J[3J   Compiling echo360-downloader v0.1.0 (/home/taherm/projects/echo360-downloader)
error: mismatched closing delimiter: `)`
   --> src/main.rs:57:26
    |
57  | impl eframe::App for App {
    |                          ^ unclosed delimiter
...
108 |         });
    |          ^ mismatched closing delimiter

error: unexpected closing delimiter: `}`
   --> src/main.rs:109:5
    |
108 |         });
    |          - missing open `(` for this delimiter
109 |     }
    |     ^ unexpected closing delimiter

error: could not compile `echo360-downloader` (bin "echo360-downloader") due to 2 previous errors
[Finished running. Exit status: 101]
[Running 'cargo run']
[H[2J[3J   Compiling echo360-downloader v0.1.0 (/home/taherm/projects/echo360-downloader)
error: mismatched closing delimiter: `)`
   --> src/main.rs:57:26
    |
57  | impl eframe::App for App {
    |                          ^ unclosed delimiter
...
106 |         });
    |          ^ mismatched closing delimiter

error: unexpected closing delimiter: `}`
   --> src/main.rs:107:5
    |
106 |         });
    |          - missing open `(` for this delimiter
107 |     }
    |     ^ unexpected closing delimiter

error: could not compile `echo360-downloader` (bin "echo360-downloader") due to 2 previous errors
[Finished running. Exit status: 101]
[Running 'cargo run']
[H[2J[3J   Compiling echo360-downloader v0.1.0 (/home/taherm/projects/echo360-downloader)
[Running 'cargo run']
[H[2J[3J   Compiling echo360-downloader v0.1.0 (/home/taherm/projects/echo360-downloader)
    Finished dev [unoptimized + debuginfo] target(s) in 9.94s
     Running `target/debug/echo360-downloader`
[2024-08-08T18:08:38Z ERROR sctk_adwaita::pointer] Failed to set cursor
[Running 'cargo run']
[H[2J[3J   Compiling echo360-downloader v0.1.0 (/home/taherm/projects/echo360-downloader)
    Finished dev [unoptimized + debuginfo] target(s) in 8.84s
     Running `target/debug/echo360-downloader`
[2024-08-08T18:09:05Z ERROR sctk_adwaita::pointer] Failed to set cursor
[2024-08-08T18:09:06Z ERROR sctk_adwaita::pointer] Failed to set cursor
[2024-08-08T18:09:18Z ERROR sctk_adwaita::pointer] Failed to set cursor
[2024-08-08T18:09:18Z ERROR sctk_adwaita::pointer] Failed to set cursor
[2024-08-08T18:09:18Z ERROR sctk_adwaita::pointer] Failed to set cursor
[2024-08-08T18:09:18Z ERROR sctk_adwaita::pointer] Failed to set cursor
[2024-08-08T18:09:20Z ERROR sctk_adwaita::pointer] Failed to set cursor
[2024-08-08T18:09:20Z ERROR sctk_adwaita::pointer] Failed to set cursor
[2024-08-08T18:09:22Z ERROR sctk_adwaita::pointer] Failed to set cursor
[2024-08-08T18:09:22Z ERROR sctk_adwaita::pointer] Failed to set cursor
[2024-08-08T18:09:24Z ERROR sctk_adwaita::pointer] Failed to set cursor
[Running 'cargo run']
[H[2J[3J   Compiling echo360-downloader v0.1.0 (/home/taherm/projects/echo360-downloader)
    Finished dev [unoptimized + debuginfo] target(s) in 8.54s
     Running `target/debug/echo360-downloader`
[2024-08-08T18:09:39Z ERROR sctk_adwaita::pointer] Failed to set cursor
[2024-08-08T18:09:42Z ERROR sctk_adwaita::pointer] Failed to set cursor
[2024-08-08T18:09:43Z ERROR sctk_adwaita::pointer] Failed to set cursor
[2024-08-08T18:09:43Z ERROR sctk_adwaita::pointer] Failed to set cursor
[2024-08-08T18:09:45Z ERROR sctk_adwaita::pointer] Failed to set cursor
[Running 'cargo run']
[H[2J[3J   Compiling echo360-downloader v0.1.0 (/home/taherm/projects/echo360-downloader)
    Finished dev [unoptimized + debuginfo] target(s) in 9.57s
     Running `target/debug/echo360-downloader`
[Running 'cargo run']
[H[2J[3J   Compiling echo360-downloader v0.1.0 (/home/taherm/projects/echo360-downloader)
error: mismatched closing delimiter: `}`
  --> src/main.rs:85:37
   |
84 |                         if cookie.is_ok() {
   |                                           - closing delimiter possibly meant for this
85 |                             ui.label(egui::RichText("Logged In!");
   |                                     ^ unclosed delimiter
86 |                         } else {
   |                         ^ mismatched closing delimiter

error: could not compile `echo360-downloader` (bin "echo360-downloader") due to 1 previous error
[Finished running. Exit status: 101]
[Running 'cargo run']
[H[2J[3J   Compiling echo360-downloader v0.1.0 (/home/taherm/projects/echo360-downloader)
error[E0423]: expected function, tuple struct or tuple variant, found struct `egui::RichText`
  --> src/main.rs:85:38
   |
85 | ...                   ui.label(egui::RichText("Logged In!").size(32.0));
   |                                ^^^^^^^^^^^^^^^^^^^^^^^^^^^^
   |
  ::: /home/taherm/.cargo/registry/src/index.crates.io-6f17d22bba15001f/egui-0.24.1/src/widget_text.rs:24:1
   |
24 | pub struct RichText {
   | ------------------- `egui::RichText` defined here
   |
help: you might have meant to use the `new` associated function
   |
85 |                             ui.label(egui::RichText::new("Logged In!").size(32.0));
   |                                                    +++++
help: consider importing this tuple variant instead
   |
3  + use crate::egui::WidgetText::RichText;
   |
help: if you import `RichText`, refer to it directly
   |
85 -                             ui.label(egui::RichText("Logged In!").size(32.0));
85 +                             ui.label(RichText("Logged In!").size(32.0));
   |

For more information about this error, try `rustc --explain E0423`.
error: could not compile `echo360-downloader` (bin "echo360-downloader") due to 1 previous error
[Finished running. Exit status: 101]
[Running 'cargo run']
[H[2J[3J   Compiling echo360-downloader v0.1.0 (/home/taherm/projects/echo360-downloader)
    Finished dev [unoptimized + debuginfo] target(s) in 9.24s
     Running `target/debug/echo360-downloader`
[2024-08-08T18:10:25Z ERROR sctk_adwaita::pointer] Failed to set cursor
[2024-08-08T18:10:25Z ERROR sctk_adwaita::pointer] Failed to set cursor
[2024-08-08T18:10:25Z ERROR sctk_adwaita::pointer] Failed to set cursor
[2024-08-08T18:10:26Z ERROR sctk_adwaita::pointer] Failed to set cursor
[2024-08-08T18:10:28Z ERROR sctk_adwaita::pointer] Failed to set cursor
[2024-08-08T18:11:09Z ERROR sctk_adwaita::pointer] Failed to set cursor
[2024-08-08T18:11:13Z ERROR sctk_adwaita::pointer] Failed to set cursor
[2024-08-08T18:11:15Z ERROR sctk_adwaita::pointer] Failed to set cursor
[2024-08-08T18:11:15Z ERROR sctk_adwaita::pointer] Failed to set cursor
[2024-08-08T18:11:15Z ERROR sctk_adwaita::pointer] Failed to set cursor
[2024-08-08T18:11:15Z ERROR sctk_adwaita::pointer] Failed to set cursor
[2024-08-08T18:11:19Z ERROR sctk_adwaita::pointer] Failed to set cursor
[2024-08-08T18:11:20Z ERROR sctk_adwaita::pointer] Failed to set cursor
[2024-08-08T18:11:20Z ERROR sctk_adwaita::pointer] Failed to set cursor
[Finished running. Exit status: 0]
[Running 'cargo run']
[H[2J[3J   Compiling echo360-downloader v0.1.0 (/home/taherm/projects/echo360-downloader)
error: mismatched closing delimiter: `)`
  --> src/main.rs:57:26
   |
57 | impl eframe::App for App {
   |                          ^ unclosed delimiter
...
61 |          });
   |           ^ mismatched closing delimiter

error: unexpected closing delimiter: `}`
   --> src/main.rs:109:5
    |
61  |          });
    |           - missing open `(` for this delimiter
...
109 |     }
    |     ^ unexpected closing delimiter

error: could not compile `echo360-downloader` (bin "echo360-downloader") due to 2 previous errors
[Finished running. Exit status: 101]
[Running 'cargo run']
[H[2J[3J   Compiling echo360-downloader v0.1.0 (/home/taherm/projects/echo360-downloader)
error: mismatched closing delimiter: `)`
  --> src/main.rs:57:26
   |
57 | impl eframe::App for App {
   |                          ^ unclosed delimiter
...
61 |          });
   |           ^ mismatched closing delimiter

error: unexpected closing delimiter: `}`
   --> src/main.rs:109:5
    |
61  |          });
    |           - missing open `(` for this delimiter
...
109 |     }
    |     ^ unexpected closing delimiter

error: could not compile `echo360-downloader` (bin "echo360-downloader") due to 2 previous errors
[Finished running. Exit status: 101]
[Running 'cargo run']
[H[2J[3J   Compiling echo360-downloader v0.1.0 (/home/taherm/projects/echo360-downloader)
[Running 'cargo run']
[H[2J[3J   Compiling echo360-downloader v0.1.0 (/home/taherm/projects/echo360-downloader)
warning: unused variable: `ui`
  --> src/main.rs:59:59
   |
59 |         egui::TopBottomPanel::top("Top Panel").show(ctx, |ui| {
   |                                                           ^^ help: if this is intentional, prefix it with an underscore: `_ui`
   |
   = note: `#[warn(unused_variables)]` on by default

[Running 'cargo run']
[H[2J[3J   Compiling echo360-downloader v0.1.0 (/home/taherm/projects/echo360-downloader)
warning: unused variable: `ui`
  --> src/main.rs:59:59
   |
59 |         egui::TopBottomPanel::top("Top Panel").show(ctx, |ui| {
   |                                                           ^^ help: if this is intentional, prefix it with an underscore: `_ui`
   |
   = note: `#[warn(unused_variables)]` on by default

[Running 'cargo run']
[H[2J[3J   Compiling echo360-downloader v0.1.0 (/home/taherm/projects/echo360-downloader)
warning: unused variable: `ui`
  --> src/main.rs:59:59
   |
59 |         egui::TopBottomPanel::top("Top Panel").show(ctx, |ui| {
   |                                                           ^^ help: if this is intentional, prefix it with an underscore: `_ui`
   |
   = note: `#[warn(unused_variables)]` on by default

[Running 'cargo run']
[H[2J[3J   Compiling echo360-downloader v0.1.0 (/home/taherm/projects/echo360-downloader)
warning: unused variable: `ui`
  --> src/main.rs:59:59
   |
59 |         egui::TopBottomPanel::top("Top Panel").show(ctx, |ui| {
   |                                                           ^^ help: if this is intentional, prefix it with an underscore: `_ui`
   |
   = note: `#[warn(unused_variables)]` on by default

[Running 'cargo run']
[H[2J[3J   Compiling echo360-downloader v0.1.0 (/home/taherm/projects/echo360-downloader)
warning: unused variable: `ui`
  --> src/main.rs:59:59
   |
59 |         egui::TopBottomPanel::top("Top Panel").show(ctx, |ui| {
   |                                                           ^^ help: if this is intentional, prefix it with an underscore: `_ui`
   |
   = note: `#[warn(unused_variables)]` on by default

[Running 'cargo run']
[H[2J[3J    Blocking waiting for file lock on build directory
   Compiling echo360-downloader v0.1.0 (/home/taherm/projects/echo360-downloader)
error[E0425]: cannot find value `ui` in this scope
  --> src/main.rs:63:9
   |
63 |         ui.vertical_centered(|ui| match self.cookie.state() {
   |         ^^ not found in this scope

For more information about this error, try `rustc --explain E0425`.
error: could not compile `echo360-downloader` (bin "echo360-downloader") due to 1 previous error
[Finished running. Exit status: 101]
[Running 'cargo run']
[H[2J[3J   Compiling echo360-downloader v0.1.0 (/home/taherm/projects/echo360-downloader)
[Running 'cargo run']
[H[2J[3J   Compiling echo360-downloader v0.1.0 (/home/taherm/projects/echo360-downloader)
    Finished dev [unoptimized + debuginfo] target(s) in 10.02s
     Running `target/debug/echo360-downloader`
[Running 'cargo run']
[H[2J[3J   Compiling echo360-downloader v0.1.0 (/home/taherm/projects/echo360-downloader)
[Running 'cargo run']
[H[2J[3J   Compiling echo360-downloader v0.1.0 (/home/taherm/projects/echo360-downloader)
    Finished dev [unoptimized + debuginfo] target(s) in 9.27s
     Running `target/debug/echo360-downloader`
[2024-08-08T18:12:39Z ERROR sctk_adwaita::pointer] Failed to set cursor
[2024-08-08T18:12:39Z ERROR sctk_adwaita::pointer] Failed to set cursor
[Running 'cargo run']
[H[2J[3J   Compiling echo360-downloader v0.1.0 (/home/taherm/projects/echo360-downloader)
[Running 'cargo run']
[H[2J[3J   Compiling echo360-downloader v0.1.0 (/home/taherm/projects/echo360-downloader)
error: expected `;`, found `ui`
  --> src/main.rs:60:33
   |
60 |             ui.add_space(amount)
   |                                 ^ help: add `;` here
61 |
62 |             ui.vertical_centered(|ui| match self.cookie.state() {
   |             -- unexpected token

error: could not compile `echo360-downloader` (bin "echo360-downloader") due to 1 previous error
[Finished running. Exit status: 101]
[Running 'cargo run']
[H[2J[3J   Compiling echo360-downloader v0.1.0 (/home/taherm/projects/echo360-downloader)
error: expected `;`, found `ui`
  --> src/main.rs:60:31
   |
60 |             ui.add_space(10.0)
   |                               ^ help: add `;` here
61 |
62 |             ui.vertical_centered(|ui| match self.cookie.state() {
   |             -- unexpected token

error: could not compile `echo360-downloader` (bin "echo360-downloader") due to 1 previous error
[Finished running. Exit status: 101]
[Running 'cargo run']
[H[2J[3J   Compiling echo360-downloader v0.1.0 (/home/taherm/projects/echo360-downloader)
[Running 'cargo run']
[H[2J[3J   Compiling echo360-downloader v0.1.0 (/home/taherm/projects/echo360-downloader)
[Running 'cargo run']
[H[2J[3J   Compiling echo360-downloader v0.1.0 (/home/taherm/projects/echo360-downloader)
    Finished dev [unoptimized + debuginfo] target(s) in 9.39s
     Running `target/debug/echo360-downloader`
[2024-08-08T18:14:20Z ERROR sctk_adwaita::pointer] Failed to set cursor
[2024-08-08T18:14:20Z ERROR sctk_adwaita::pointer] Failed to set cursor
[2024-08-08T18:14:20Z ERROR sctk_adwaita::pointer] Failed to set cursor
[2024-08-08T18:14:25Z ERROR sctk_adwaita::pointer] Failed to set cursor
[2024-08-08T18:14:25Z ERROR sctk_adwaita::pointer] Failed to set cursor
[2024-08-08T18:14:32Z ERROR sctk_adwaita::pointer] Failed to set cursor
[2024-08-08T18:14:32Z ERROR sctk_adwaita::pointer] Failed to set cursor
[2024-08-08T18:15:18Z ERROR sctk_adwaita::pointer] Failed to set cursor
[2024-08-08T18:15:19Z ERROR sctk_adwaita::pointer] Failed to set cursor
[Running 'cargo run']
[H[2J[3J   Compiling tokio v0.2.25
   Compiling tokio-util v0.3.1
   Compiling tokio-tls v0.3.1
   Compiling h2 v0.2.7
   Compiling hyper v0.13.10
   Compiling hyper-tls v0.4.3
   Compiling reqwest v0.10.10
   Compiling echo360-downloader v0.1.0 (/home/taherm/projects/echo360-downloader)
    Finished dev [unoptimized + debuginfo] target(s) in 30.42s
     Running `target/debug/echo360-downloader`
[Running 'cargo run']
[H[2J[3J   Compiling echo360-downloader v0.1.0 (/home/taherm/projects/echo360-downloader)
error: visibility `pub` is not followed by an item
  --> src/main.rs:10:1
   |
10 | pub
   | ^^^ the visibility
   |
   = help: you likely meant to define an item, e.g., `pub fn foo() {}`

error: expected item, found `#`
  --> src/main.rs:12:1
   |
12 | #[derive(Debug)]
   | ^ expected item
   |
   = note: for a full list of items that can appear in modules, see <https://doc.rust-lang.org/reference/items.html>

error: could not compile `echo360-downloader` (bin "echo360-downloader") due to 2 previous errors
[Finished running. Exit status: 101]
[Running 'cargo run']
[H[2J[3J   Compiling echo360-downloader v0.1.0 (/home/taherm/projects/echo360-downloader)
error: visibility `pub` is not followed by an item
  --> src/main.rs:10:1
   |
10 | pub
   | ^^^ the visibility
   |
   = help: you likely meant to define an item, e.g., `pub fn foo() {}`

error: expected item, found `#`
  --> src/main.rs:12:1
   |
12 | #[derive(Debug)]
   | ^ expected item
   |
   = note: for a full list of items that can appear in modules, see <https://doc.rust-lang.org/reference/items.html>

error: could not compile `echo360-downloader` (bin "echo360-downloader") due to 2 previous errors
[Finished running. Exit status: 101]
[Running 'cargo run']
[H[2J[3J   Compiling echo360-downloader v0.1.0 (/home/taherm/projects/echo360-downloader)
error[E0583]: file not found for module `courses`
  --> src/main.rs:10:1
   |
10 | mod courses;
   | ^^^^^^^^^^^^
   |
   = help: to create the module `courses`, create file "src/courses.rs" or "src/courses/mod.rs"
   = note: if there is a `mod courses` elsewhere in the crate already, import it with `use crate::...` instead

For more information about this error, try `rustc --explain E0583`.
error: could not compile `echo360-downloader` (bin "echo360-downloader") due to 1 previous error
[Finished running. Exit status: 101]
[Running 'cargo run']
[H[2J[3J   Compiling echo360-downloader v0.1.0 (/home/taherm/projects/echo360-downloader)
error: expected one of `!` or `::`, found `course`
 --> src/courses/mod.rs:1:8
  |
1 | Struct course {
  |        ^^^^^^ expected one of `!` or `::`

error: could not compile `echo360-downloader` (bin "echo360-downloader") due to 1 previous error
[Finished running. Exit status: 101]
[Running 'cargo run']
[H[2J[3J   Compiling echo360-downloader v0.1.0 (/home/taherm/projects/echo360-downloader)
error: expected one of `!` or `::`, found `course`
 --> src/courses/mod.rs:1:8
  |
1 | Struct course {
  |        ^^^^^^ expected one of `!` or `::`

error: could not compile `echo360-downloader` (bin "echo360-downloader") due to 1 previous error
[Finished running. Exit status: 101]
[Running 'cargo run']
[H[2J[3J   Compiling echo360-downloader v0.1.0 (/home/taherm/projects/echo360-downloader)
error: expected one of `!` or `::`, found `Course`
 --> src/courses/mod.rs:1:8
  |
1 | Struct Course {
  |        ^^^^^^ expected one of `!` or `::`

error: could not compile `echo360-downloader` (bin "echo360-downloader") due to 1 previous error
[Finished running. Exit status: 101]
[Running 'cargo run']
[H[2J[3J   Compiling echo360-downloader v0.1.0 (/home/taherm/projects/echo360-downloader)
warning: methods `get` and `get_no_stale` are never used
  --> src/task.rs:63:9
   |
58 | impl<T> TaskState<T> {
   | -------------------- methods in this implementation
...
63 |     pub fn get(self) -> Option<T> {
   |            ^^^
...
75 |     pub fn get_no_stale(self) -> Option<T> {
   |            ^^^^^^^^^^^^
   |
   = note: `#[warn(dead_code)]` on by default

warning: methods `fire` and `with_debounce` are never used
   --> src/task.rs:121:9
    |
84  | / impl<T> Task<T>
85  | | where
86  | |     T: Send + 'static,
    | |______________________- methods in this implementation
...
121 |       pub fn fire<F>(&mut self, func: F)
    |              ^^^^
...
156 |       pub fn with_debounce(mut self, duration: Duration) -> Self {
    |              ^^^^^^^^^^^^^

warning: struct `Course` is never constructed
 --> src/courses/mod.rs:1:8
  |
1 | struct Course {
  |        ^^^^^^

warning: `echo360-downloader` (bin "echo360-downloader") generated 3 warnings
    Finished dev [unoptimized + debuginfo] target(s) in 10.09s
     Running `target/debug/echo360-downloader`
[Running 'cargo run']
[H[2J[3J   Compiling echo360-downloader v0.1.0 (/home/taherm/projects/echo360-downloader)
error: expected type, found `}`
 --> src/courses/mod.rs:5:1
  |
1 | struct Course {
  |        ------ while parsing this struct
...
5 | }
  | ^ expected type

error: could not compile `echo360-downloader` (bin "echo360-downloader") due to 1 previous error
[Finished running. Exit status: 101]
[Running 'cargo run']
[H[2J[3J   Compiling echo360-downloader v0.1.0 (/home/taherm/projects/echo360-downloader)
warning: methods `get` and `get_no_stale` are never used
  --> src/task.rs:63:9
   |
58 | impl<T> TaskState<T> {
   | -------------------- methods in this implementation
...
63 |     pub fn get(self) -> Option<T> {
   |            ^^^
...
75 |     pub fn get_no_stale(self) -> Option<T> {
   |            ^^^^^^^^^^^^
   |
   = note: `#[warn(dead_code)]` on by default

warning: methods `fire` and `with_debounce` are never used
   --> src/task.rs:121:9
    |
84  | / impl<T> Task<T>
85  | | where
86  | |     T: Send + 'static,
    | |______________________- methods in this implementation
...
121 |       pub fn fire<F>(&mut self, func: F)
    |              ^^^^
...
156 |       pub fn with_debounce(mut self, duration: Duration) -> Self {
    |              ^^^^^^^^^^^^^

warning: struct `Course` is never constructed
 --> src/courses/mod.rs:1:8
  |
1 | struct Course {
  |        ^^^^^^

warning: `echo360-downloader` (bin "echo360-downloader") generated 3 warnings
    Finished dev [unoptimized + debuginfo] target(s) in 8.85s
     Running `target/debug/echo360-downloader`
